<?xml version="1.0" encoding="UTF-8"?>
<!-- Generated by org.testng.reporters.JUnitXMLReporter -->
<testsuite hostname="LAP639PER" ignored="0" name="Default test" tests="3" failures="0" timestamp="2022-01-05T13:00:25 IST" time="19.628" errors="0">
  <testcase name="loginPageTitleTest" time="0.032" classname="com.observerTesting.testCases.LoginPageTest"/>
  <testcase name="velocisLogoImageTest" time="0.277" classname="com.observerTesting.testCases.LoginPageTest"/>
  <testcase name="loginTest" time="1.201" classname="com.observerTesting.testCases.LoginPageTest"/>
</testsuite> <!-- Default test -->
