<?xml version="1.0" encoding="UTF-8"?>
<!-- Generated by org.testng.reporters.JUnitXMLReporter -->
<testsuite hostname="LAP639PER" ignored="0" name="Default test" tests="3" failures="0" timestamp="2022-01-12T12:40:03 IST" time="12.333" errors="0">
  <testcase name="loginPageTitleTest" time="0.056" classname="com.observerTesting.testCases.LoginPageTest"/>
  <testcase name="velocisLogoImageTest" time="0.328" classname="com.observerTesting.testCases.LoginPageTest"/>
  <testcase name="loginTest" time="1.291" classname="com.observerTesting.testCases.LoginPageTest"/>
</testsuite> <!-- Default test -->
