<?xml version="1.0" encoding="UTF-8"?>
<testng-results skipped="0" failed="0" ignored="0" total="5" passed="5">
  <reporter-output>
  </reporter-output>
  <suite name="Observer Application Test Automation Test Suite" duration-ms="25200" started-at="2022-01-12T13:06:29 IST" finished-at="2022-01-12T13:06:54 IST">
    <groups>
    </groups>
    <test name="Observer application test cases" duration-ms="25200" started-at="2022-01-12T13:06:29 IST" finished-at="2022-01-12T13:06:54 IST">
      <class name="com.observerTesting.testCases.ObserverPageTest">
        <test-method status="PASS" signature="setUp()[pri:0, instance:com.observerTesting.testCases.ObserverPageTest@43a0cee9]" name="setUp" is-config="true" duration-ms="4230" started-at="2022-01-12T13:06:41 IST" finished-at="2022-01-12T13:06:46 IST">
          <reporter-output>
          </reporter-output>
        </test-method> <!-- setUp -->
        <test-method status="PASS" signature="validateNetworkGrid()[pri:1, instance:com.observerTesting.testCases.ObserverPageTest@43a0cee9]" name="validateNetworkGrid" duration-ms="624" started-at="2022-01-12T13:06:46 IST" finished-at="2022-01-12T13:06:46 IST">
          <reporter-output>
          </reporter-output>
        </test-method> <!-- validateNetworkGrid -->
        <test-method status="PASS" signature="tearDown()[pri:0, instance:com.observerTesting.testCases.ObserverPageTest@43a0cee9]" name="tearDown" is-config="true" duration-ms="801" started-at="2022-01-12T13:06:46 IST" finished-at="2022-01-12T13:06:47 IST">
          <reporter-output>
          </reporter-output>
        </test-method> <!-- tearDown -->
        <test-method status="PASS" signature="setUp()[pri:0, instance:com.observerTesting.testCases.ObserverPageTest@43a0cee9]" name="setUp" is-config="true" duration-ms="4636" started-at="2022-01-12T13:06:47 IST" finished-at="2022-01-12T13:06:52 IST">
          <reporter-output>
          </reporter-output>
        </test-method> <!-- setUp -->
        <test-method status="PASS" signature="validateMonitoredDevices()[pri:2, instance:com.observerTesting.testCases.ObserverPageTest@43a0cee9]" name="validateMonitoredDevices" duration-ms="1900" started-at="2022-01-12T13:06:52 IST" finished-at="2022-01-12T13:06:54 IST">
          <reporter-output>
          </reporter-output>
        </test-method> <!-- validateMonitoredDevices -->
        <test-method status="PASS" signature="tearDown()[pri:0, instance:com.observerTesting.testCases.ObserverPageTest@43a0cee9]" name="tearDown" is-config="true" duration-ms="809" started-at="2022-01-12T13:06:54 IST" finished-at="2022-01-12T13:06:54 IST">
          <reporter-output>
          </reporter-output>
        </test-method> <!-- tearDown -->
      </class> <!-- com.observerTesting.testCases.ObserverPageTest -->
      <class name="com.observerTesting.testCases.LoginPageTest">
        <test-method status="PASS" signature="setUp()[pri:0, instance:com.observerTesting.testCases.LoginPageTest@3ecd23d9]" name="setUp" is-config="true" duration-ms="4363" started-at="2022-01-12T13:06:29 IST" finished-at="2022-01-12T13:06:34 IST">
          <reporter-output>
          </reporter-output>
        </test-method> <!-- setUp -->
        <test-method status="PASS" signature="loginPageTitleTest()[pri:1, instance:com.observerTesting.testCases.LoginPageTest@3ecd23d9]" name="loginPageTitleTest" duration-ms="24" started-at="2022-01-12T13:06:34 IST" finished-at="2022-01-12T13:06:34 IST">
          <reporter-output>
          </reporter-output>
        </test-method> <!-- loginPageTitleTest -->
        <test-method status="PASS" signature="tearDown()[pri:0, instance:com.observerTesting.testCases.LoginPageTest@3ecd23d9]" name="tearDown" is-config="true" duration-ms="180" started-at="2022-01-12T13:06:34 IST" finished-at="2022-01-12T13:06:34 IST">
          <reporter-output>
          </reporter-output>
        </test-method> <!-- tearDown -->
        <test-method status="PASS" signature="setUp()[pri:0, instance:com.observerTesting.testCases.LoginPageTest@3ecd23d9]" name="setUp" is-config="true" duration-ms="3226" started-at="2022-01-12T13:06:34 IST" finished-at="2022-01-12T13:06:37 IST">
          <reporter-output>
          </reporter-output>
        </test-method> <!-- setUp -->
        <test-method status="PASS" signature="velocisLogoImageTest()[pri:2, instance:com.observerTesting.testCases.LoginPageTest@3ecd23d9]" name="velocisLogoImageTest" duration-ms="453" started-at="2022-01-12T13:06:37 IST" finished-at="2022-01-12T13:06:37 IST">
          <reporter-output>
          </reporter-output>
        </test-method> <!-- velocisLogoImageTest -->
        <test-method status="PASS" signature="tearDown()[pri:0, instance:com.observerTesting.testCases.LoginPageTest@3ecd23d9]" name="tearDown" is-config="true" duration-ms="100" started-at="2022-01-12T13:06:37 IST" finished-at="2022-01-12T13:06:38 IST">
          <reporter-output>
          </reporter-output>
        </test-method> <!-- tearDown -->
        <test-method status="PASS" signature="setUp()[pri:0, instance:com.observerTesting.testCases.LoginPageTest@3ecd23d9]" name="setUp" is-config="true" duration-ms="3058" started-at="2022-01-12T13:06:38 IST" finished-at="2022-01-12T13:06:41 IST">
          <reporter-output>
          </reporter-output>
        </test-method> <!-- setUp -->
        <test-method status="PASS" signature="loginTest()[pri:3, instance:com.observerTesting.testCases.LoginPageTest@3ecd23d9]" name="loginTest" duration-ms="678" started-at="2022-01-12T13:06:41 IST" finished-at="2022-01-12T13:06:41 IST">
          <reporter-output>
          </reporter-output>
        </test-method> <!-- loginTest -->
        <test-method status="PASS" signature="tearDown()[pri:0, instance:com.observerTesting.testCases.LoginPageTest@3ecd23d9]" name="tearDown" is-config="true" duration-ms="70" started-at="2022-01-12T13:06:41 IST" finished-at="2022-01-12T13:06:41 IST">
          <reporter-output>
          </reporter-output>
        </test-method> <!-- tearDown -->
      </class> <!-- com.observerTesting.testCases.LoginPageTest -->
    </test> <!-- Observer application test cases -->
  </suite> <!-- Observer Application Test Automation Test Suite -->
</testng-results>
