<?xml version="1.0" encoding="UTF-8"?>
<!-- Generated by org.testng.reporters.JUnitXMLReporter -->
<testsuite hostname="LAP639PER" ignored="0" name="Observer application test cases" tests="4" failures="0" timestamp="2022-01-05T13:01:20 IST" time="22.917" errors="0">
  <testcase name="loginPageTitleTest" time="0.034" classname="com.observerTesting.testCases.LoginPageTest"/>
  <testcase name="velocisLogoImageTest" time="0.636" classname="com.observerTesting.testCases.LoginPageTest"/>
  <testcase name="loginTest" time="1.203" classname="com.observerTesting.testCases.LoginPageTest"/>
  <testcase name="validateNetworkGrid" time="0.775" classname="com.observerTesting.testCases.ObserverPageTest"/>
</testsuite> <!-- Observer application test cases -->
