<?xml version="1.0" encoding="UTF-8"?>
<!-- Generated by org.testng.reporters.JUnitXMLReporter -->
<testsuite hostname="LAP639PER" ignored="0" name="Observer application test cases" tests="5" failures="0" timestamp="2022-01-12T13:06:54 IST" time="25.2" errors="0">
  <testcase name="loginPageTitleTest" time="0.024" classname="com.observerTesting.testCases.LoginPageTest"/>
  <testcase name="velocisLogoImageTest" time="0.453" classname="com.observerTesting.testCases.LoginPageTest"/>
  <testcase name="loginTest" time="0.678" classname="com.observerTesting.testCases.LoginPageTest"/>
  <testcase name="validateNetworkGrid" time="0.624" classname="com.observerTesting.testCases.ObserverPageTest"/>
  <testcase name="validateMonitoredDevices" time="1.9" classname="com.observerTesting.testCases.ObserverPageTest"/>
</testsuite> <!-- Observer application test cases -->
